<?xml version="1.0" encoding="UTF-8"?>
<testsuites>
  <testsuite name="" tests="1" assertions="0" errors="1" warnings="0" failures="0" skipped="0" time="7.023120">
    <testsuite name="Project Test Suite" tests="1" assertions="0" errors="1" warnings="0" failures="0" skipped="0" time="7.023120">
      <testsuite name="App\Tests\Command\ImportDataFromCsvCommandTest" file="/Users/alex/dbwebb-kurser/mvc/me/report/tests/Command/ImportDataFromCsvCommandTest.php" tests="1" assertions="0" errors="1" warnings="0" failures="0" skipped="0" time="7.023120">
        <testcase name="testExecute" class="App\Tests\Command\ImportDataFromCsvCommandTest" classname="App.Tests.Command.ImportDataFromCsvCommandTest" file="/Users/alex/dbwebb-kurser/mvc/me/report/tests/Command/ImportDataFromCsvCommandTest.php" line="14" assertions="0" time="7.023120">
          <error type="Doctrine\DBAL\Exception\UniqueConstraintViolationException">App\Tests\Command\ImportDataFromCsvCommandTest::testExecute
Doctrine\DBAL\Exception\UniqueConstraintViolationException: An exception occurred while executing a query: SQLSTATE[23000]: Integrity constraint violation: 19 UNIQUE constraint failed: Action.id

/Users/alex/dbwebb-kurser/mvc/me/report/vendor/doctrine/dbal/src/Driver/API/SQLite/ExceptionConverter.php:41
/Users/alex/dbwebb-kurser/mvc/me/report/vendor/doctrine/dbal/src/Connection.php:1931
/Users/alex/dbwebb-kurser/mvc/me/report/vendor/doctrine/dbal/src/Connection.php:1874
/Users/alex/dbwebb-kurser/mvc/me/report/vendor/doctrine/dbal/src/Statement.php:194
/Users/alex/dbwebb-kurser/mvc/me/report/vendor/doctrine/dbal/src/Statement.php:249
/Users/alex/dbwebb-kurser/mvc/me/report/vendor/doctrine/orm/lib/Doctrine/ORM/Persisters/Entity/BasicEntityPersister.php:278
/Users/alex/dbwebb-kurser/mvc/me/report/vendor/doctrine/orm/lib/Doctrine/ORM/UnitOfWork.php:1145
/Users/alex/dbwebb-kurser/mvc/me/report/vendor/doctrine/orm/lib/Doctrine/ORM/UnitOfWork.php:431
/Users/alex/dbwebb-kurser/mvc/me/report/vendor/doctrine/orm/lib/Doctrine/ORM/EntityManager.php:403
/Users/alex/dbwebb-kurser/mvc/me/report/src/Command/ImportDataFromCsvCommand.php:128
/Users/alex/dbwebb-kurser/mvc/me/report/vendor/symfony/console/Command/Command.php:312
/Users/alex/dbwebb-kurser/mvc/me/report/vendor/symfony/console/Command/LazyCommand.php:76
/Users/alex/dbwebb-kurser/mvc/me/report/vendor/symfony/console/Tester/CommandTester.php:74
/Users/alex/dbwebb-kurser/mvc/me/report/tests/Command/ImportDataFromCsvCommandTest.php:23</error>
        </testcase>
      </testsuite>
    </testsuite>
  </testsuite>
</testsuites>
